# JRE version: Java(TM) SE Runtime Environment (18.0.1+10) (build 18.0.1+10-24)
# Java VM: Java HotSpot(TM) 64-Bit Server VM (18.0.1+10-24, mixed mode, sharing, tiered, compressed oops, compressed class ptrs, g1 gc, linux-amd64)
Heap:
 garbage-first heap   total 260096K, used 92152K [0x0000000707400000, 0x0000000800000000)
  region size 2048K, 2 young (4096K), 1 survivors (2048K)
 Metaspace       used 16474K, committed 16832K, reserved 1114112K
  class space    used 1766K, committed 1920K, reserved 1048576K
GC Heap History (20 events):
Event: 82.691 GC heap before
{Heap before GC invocations=387 (full 0):
 garbage-first heap   total 260096K, used 110575K [0x0000000707400000, 0x0000000800000000)
  region size 2048K, 2 young (4096K), 1 survivors (2048K)
 Metaspace       used 16474K, committed 16832K, reserved 1114112K
  class space    used 1766K, committed 1920K, reserved 1048576K
}
Event: 82.692 GC heap after
{Heap after GC invocations=388 (full 0):
 garbage-first heap   total 260096K, used 69619K [0x0000000707400000, 0x0000000800000000)
  region size 2048K, 1 young (2048K), 1 survivors (2048K)
 Metaspace       used 16474K, committed 16832K, reserved 1114112K
  class space    used 1766K, committed 1920K, reserved 1048576K
}
Event: 82.891 GC heap before
{Heap before GC invocations=388 (full 0):
 garbage-first heap   total 260096K, used 110579K [0x0000000707400000, 0x0000000800000000)
  region size 2048K, 2 young (4096K), 1 survivors (2048K)
 Metaspace       used 16474K, committed 16832K, reserved 1114112K
  class space    used 1766K, committed 1920K, reserved 1048576K
}
Event: 82.892 GC heap after
{Heap after GC invocations=389 (full 0):
 garbage-first heap   total 260096K, used 69617K [0x0000000707400000, 0x0000000800000000)
  region size 2048K, 1 young (2048K), 1 survivors (2048K)
 Metaspace       used 16474K, committed 16832K, reserved 1114112K
  class space    used 1766K, committed 1920K, reserved 1048576K
}
Event: 83.091 GC heap before
{Heap before GC invocations=389 (full 0):
 garbage-first heap   total 260096K, used 110577K [0x0000000707400000, 0x0000000800000000)
  region size 2048K, 2 young (4096K), 1 survivors (2048K)
 Metaspace       used 16474K, committed 16832K, reserved 1114112K
  class space    used 1766K, committed 1920K, reserved 1048576K
}
Event: 83.092 GC heap after
{Heap after GC invocations=390 (full 0):
 garbage-first heap   total 260096K, used 69619K [0x0000000707400000, 0x0000000800000000)
  region size 2048K, 1 young (2048K), 1 survivors (2048K)
 Metaspace       used 16474K, committed 16832K, reserved 1114112K
  class space    used 1766K, committed 1920K, reserved 1048576K
}
Event: 83.291 GC heap before
{Heap before GC invocations=390 (full 0):
 garbage-first heap   total 260096K, used 110579K [0x0000000707400000, 0x0000000800000000)
  region size 2048K, 2 young (4096K), 1 survivors (2048K)
 Metaspace       used 16474K, committed 16832K, reserved 1114112K
  class space    used 1766K, committed 1920K, reserved 1048576K
}
Event: 83.292 GC heap after
{Heap after GC invocations=391 (full 0):
 garbage-first heap   total 260096K, used 69615K [0x0000000707400000, 0x0000000800000000)
  region size 2048K, 1 young (2048K), 1 survivors (2048K)
 Metaspace       used 16474K, committed 16832K, reserved 1114112K
  class space    used 1766K, committed 1920K, reserved 1048576K
}
Event: 83.491 GC heap before
{Heap before GC invocations=391 (full 0):
 garbage-first heap   total 260096K, used 110575K [0x0000000707400000, 0x0000000800000000)
  region size 2048K, 2 young (4096K), 1 survivors (2048K)
 Metaspace       used 16474K, committed 16832K, reserved 1114112K
  class space    used 1766K, committed 1920K, reserved 1048576K
}
Event: 83.492 GC heap after
{Heap after GC invocations=392 (full 0):
 garbage-first heap   total 260096K, used 69617K [0x0000000707400000, 0x0000000800000000)
  region size 2048K, 1 young (2048K), 1 survivors (2048K)
 Metaspace       used 16474K, committed 16832K, reserved 1114112K
  class space    used 1766K, committed 1920K, reserved 1048576K
}
Event: 83.691 GC heap before
{Heap before GC invocations=392 (full 0):
 garbage-first heap   total 260096K, used 110577K [0x0000000707400000, 0x0000000800000000)
  region size 2048K, 2 young (4096K), 1 survivors (2048K)
 Metaspace       used 16474K, committed 16832K, reserved 1114112K
  class space    used 1766K, committed 1920K, reserved 1048576K
}
Event: 83.692 GC heap after
{Heap after GC invocations=393 (full 0):
 garbage-first heap   total 260096K, used 69615K [0x0000000707400000, 0x0000000800000000)
  region size 2048K, 1 young (2048K), 1 survivors (2048K)
 Metaspace       used 16474K, committed 16832K, reserved 1114112K
  class space    used 1766K, committed 1920K, reserved 1048576K
}
Event: 83.891 GC heap before
{Heap before GC invocations=393 (full 0):
 garbage-first heap   total 260096K, used 110575K [0x0000000707400000, 0x0000000800000000)
  region size 2048K, 2 young (4096K), 1 survivors (2048K)
 Metaspace       used 16474K, committed 16832K, reserved 1114112K
  class space    used 1766K, committed 1920K, reserved 1048576K
}
Event: 83.892 GC heap after
{Heap after GC invocations=394 (full 0):
 garbage-first heap   total 260096K, used 69617K [0x0000000707400000, 0x0000000800000000)
  region size 2048K, 1 young (2048K), 1 survivors (2048K)
 Metaspace       used 16474K, committed 16832K, reserved 1114112K
  class space    used 1766K, committed 1920K, reserved 1048576K
}
Event: 84.087 GC heap before
{Heap before GC invocations=394 (full 0):
 garbage-first heap   total 260096K, used 110577K [0x0000000707400000, 0x0000000800000000)
  region size 2048K, 2 young (4096K), 1 survivors (2048K)
 Metaspace       used 16474K, committed 16832K, reserved 1114112K
  class space    used 1766K, committed 1920K, reserved 1048576K
}
Event: 84.088 GC heap after
{Heap after GC invocations=395 (full 0):
 garbage-first heap   total 260096K, used 69626K [0x0000000707400000, 0x0000000800000000)
  region size 2048K, 1 young (2048K), 1 survivors (2048K)
 Metaspace       used 16474K, committed 16832K, reserved 1114112K
  class space    used 1766K, committed 1920K, reserved 1048576K
}
Event: 84.287 GC heap before
{Heap before GC invocations=395 (full 0):
 garbage-first heap   total 260096K, used 110586K [0x0000000707400000, 0x0000000800000000)
  region size 2048K, 2 young (4096K), 1 survivors (2048K)
 Metaspace       used 16474K, committed 16832K, reserved 1114112K
  class space    used 1766K, committed 1920K, reserved 1048576K
}
Event: 84.288 GC heap after
{Heap after GC invocations=396 (full 0):
 garbage-first heap   total 260096K, used 69624K [0x0000000707400000, 0x0000000800000000)
  region size 2048K, 1 young (2048K), 1 survivors (2048K)
 Metaspace       used 16474K, committed 16832K, reserved 1114112K
  class space    used 1766K, committed 1920K, reserved 1048576K
}
Event: 84.487 GC heap before
{Heap before GC invocations=396 (full 0):
 garbage-first heap   total 260096K, used 110584K [0x0000000707400000, 0x0000000800000000)
  region size 2048K, 2 young (4096K), 1 survivors (2048K)
 Metaspace       used 16474K, committed 16832K, reserved 1114112K
  class space    used 1766K, committed 1920K, reserved 1048576K
}
Event: 84.488 GC heap after
{Heap after GC invocations=397 (full 0):
 garbage-first heap   total 260096K, used 69624K [0x0000000707400000, 0x0000000800000000)
  region size 2048K, 1 young (2048K), 1 survivors (2048K)
 Metaspace       used 16474K, committed 16832K, reserved 1114112K
  class space    used 1766K, committed 1920K, reserved 1048576K
}

